<?xml version="1.0" encoding="UTF-8"?>
<testsuite name="com.ebookstore.user.ui.screens.reader.ReaderModeProgressTest" tests="2" skipped="0" failures="0" errors="0" timestamp="2026-02-25T11:45:38" hostname="DESKTOP-EEKT0PJ" time="0.001">
  <properties/>
  <testcase name="calculateReadingProgress_pagedMode_usesPageProgressWithinChapter" classname="com.ebookstore.user.ui.screens.reader.ReaderModeProgressTest" time="0.001"/>
  <testcase name="calculateReadingProgress_scrollMode_usesChapterProgress" classname="com.ebookstore.user.ui.screens.reader.ReaderModeProgressTest" time="0.0"/>
  <system-out><![CDATA[]]></system-out>
  <system-err><![CDATA[]]></system-err>
</testsuite>
