<?xml version="1.0" encoding="UTF-8"?>
<testsuite name="com.ebookstore.user.ui.screens.reader.ReaderPaginationTest" tests="2" skipped="0" failures="0" errors="0" timestamp="2026-02-25T11:45:38" hostname="DESKTOP-EEKT0PJ" time="0.007">
  <properties/>
  <testcase name="paginateReaderParagraphs_splitsLongParagraphsAndKeepsOrder" classname="com.ebookstore.user.ui.screens.reader.ReaderPaginationTest" time="0.006"/>
  <testcase name="paginateReaderParagraphs_usesMorePagesForLargerFont" classname="com.ebookstore.user.ui.screens.reader.ReaderPaginationTest" time="0.001"/>
  <system-out><![CDATA[]]></system-out>
  <system-err><![CDATA[]]></system-err>
</testsuite>
